<?xml version="1.0" encoding="UTF-8"?>
<testsuite xmlns:xsi="http://www.w3.org/2001/XMLSchema-instance" xsi:noNamespaceSchemaLocation="https://maven.apache.org/surefire/maven-surefire-plugin/xsd/surefire-test-report.xsd" version="3.0.2" name="com.backend.EcommBackendApplicationTests" time="6.489" tests="1" errors="0" skipped="0" failures="0">
  <properties>
[...]
</properties>
  <testcase name="contextLoads" classname="com.backend.EcommBackendApplicationTests" time="0.401">
    <system-out><![CDATA[13:29:27.721 [main] INFO org.springframework.test.context.support.AnnotationConfigContextLoaderUtils -- Could not detect default configuration classes for test class [com.backend.EcommBackendApplicationTests]: EcommBackendApplicationTests does not declare any static, non-private, non-final, nested classes annotated with @Configuration.
13:29:27.907 [main] INFO org.springframework.boot.test.context.SpringBootTestContextBootstrapper -- Found @SpringBootConfiguration com.backend.EcommBackendApplication for test class com.backend.EcommBackendApplicationTests
13:29:28.168 [main] INFO org.springframework.boot.devtools.restart.RestartApplicationListener -- Restart disabled due to context in which it is running

  .   ____          _            __ _ _
 /\\ / ___'_ __ _ _(_)_ __  __ _ \ \ \ \
( ( )\___ | '_ | '_| | '_ \/ _` | \ \ \ \
 \\/  ___)| |_)| | | | | || (_| |  ) ) ) )
  '  |____| .__|_| |_|_| |_\__, | / / / /
 =========|_|==============|___/=/_/_/_/

 :: Spring Boot ::                (v4.0.2)

2026-02-08T13:29:28.470+05:30  INFO 16072 --- [ecomm-backend] [           main] c.backend.EcommBackendApplicationTests   : Starting EcommBackendApplicationTests using Java 21.0.5 with PID 16072 (started by rajpa in C:\Users\rajpa\OneDrive\Desktop\adaptive-e-commerce-website\ecomm-backend)
2026-02-08T13:29:28.472+05:30  INFO 16072 --- [ecomm-backend] [           main] c.backend.EcommBackendApplicationTests   : No active profile set, falling back to 1 default profile: "default"
2026-02-08T13:29:29.282+05:30  INFO 16072 --- [ecomm-backend] [           main] .s.d.r.c.RepositoryConfigurationDelegate : Bootstrapping Spring Data JPA repositories in DEFAULT mode.
2026-02-08T13:29:29.349+05:30  INFO 16072 --- [ecomm-backend] [           main] .s.d.r.c.RepositoryConfigurationDelegate : Finished Spring Data repository scanning in 55 ms. Found 2 JPA repository interfaces.
2026-02-08T13:29:29.912+05:30  INFO 16072 --- [ecomm-backend] [           main] org.hibernate.orm.jpa                    : HHH008540: Processing PersistenceUnitInfo [name: default]
2026-02-08T13:29:30.011+05:30  INFO 16072 --- [ecomm-backend] [           main] org.hibernate.orm.core                   : HHH000001: Hibernate ORM core version 7.2.1.Final
2026-02-08T13:29:30.725+05:30  INFO 16072 --- [ecomm-backend] [           main] o.s.o.j.p.SpringPersistenceUnitInfo      : No LoadTimeWeaver setup: ignoring JPA class transformer
2026-02-08T13:29:30.770+05:30  INFO 16072 --- [ecomm-backend] [           main] com.zaxxer.hikari.HikariDataSource       : HikariPool-1 - Starting...
2026-02-08T13:29:30.981+05:30  INFO 16072 --- [ecomm-backend] [           main] com.zaxxer.hikari.pool.HikariPool        : HikariPool-1 - Added connection com.mysql.cj.jdbc.ConnectionImpl@64f6dd19
2026-02-08T13:29:30.982+05:30  INFO 16072 --- [ecomm-backend] [           main] com.zaxxer.hikari.HikariDataSource       : HikariPool-1 - Start completed.
2026-02-08T13:29:31.051+05:30  WARN 16072 --- [ecomm-backend] [           main] org.hibernate.orm.deprecation            : HHH90000025: MySQLDialect does not need to be specified explicitly using 'hibernate.dialect' (remove the property setting and it will be selected by default)
2026-02-08T13:29:31.078+05:30  INFO 16072 --- [ecomm-backend] [           main] org.hibernate.orm.connections.pooling    : HHH10001005: Database info:
	Database JDBC URL [jdbc:mysql://localhost:3306/adaptive_ecom?useSSL=false&serverTimezone=UTC]
	Database driver: MySQL Connector/J
	Database dialect: MySQLDialect
	Database version: 8.0.39
	Default catalog/schema: adaptive_ecom/undefined
	Autocommit mode: undefined/unknown
	Isolation level: REPEATABLE_READ [default REPEATABLE_READ]
	JDBC fetch size: none
	Pool: DataSourceConnectionProvider
	Minimum pool size: undefined/unknown
	Maximum pool size: undefined/unknown
2026-02-08T13:29:32.059+05:30  INFO 16072 --- [ecomm-backend] [           main] org.hibernate.orm.core                   : HHH000489: No JTA platform available (set 'hibernate.transaction.jta.platform' to enable JTA platform integration)
2026-02-08T13:29:32.154+05:30  INFO 16072 --- [ecomm-backend] [           main] j.LocalContainerEntityManagerFactoryBean : Initialized JPA EntityManagerFactory for persistence unit 'default'
2026-02-08T13:29:32.265+05:30  INFO 16072 --- [ecomm-backend] [           main] o.s.d.j.r.query.QueryEnhancerFactories   : Hibernate is in classpath; If applicable, HQL parser will be used.
2026-02-08T13:29:32.586+05:30  WARN 16072 --- [ecomm-backend] [           main] JpaBaseConfiguration$JpaWebConfiguration : spring.jpa.open-in-view is enabled by default. Therefore, database queries may be performed during view rendering. Explicitly configure spring.jpa.open-in-view to disable this warning
2026-02-08T13:29:32.773+05:30  WARN 16072 --- [ecomm-backend] [           main] .s.a.UserDetailsServiceAutoConfiguration : 

Using generated security password: b3c089e2-7724-4360-bda2-b733c5cbc1f8

This generated password is for development use only. Your security configuration must be updated before running your application in production.

2026-02-08T13:29:32.785+05:30  INFO 16072 --- [ecomm-backend] [           main] r$InitializeUserDetailsManagerConfigurer : Global AuthenticationManager configured with UserDetailsService bean with name inMemoryUserDetailsManager
2026-02-08T13:29:33.481+05:30  INFO 16072 --- [ecomm-backend] [           main] c.backend.EcommBackendApplicationTests   : Started EcommBackendApplicationTests in 5.329 seconds (process running for 6.939)
]]></system-out>
    <system-err><![CDATA[Mockito is currently self-attaching to enable the inline-mock-maker. This will no longer work in future releases of the JDK. Please add Mockito as an agent to your build as described in Mockito's documentation: https://javadoc.io/doc/org.mockito/mockito-core/latest/org.mockito/org/mockito/Mockito.html#0.3
WARNING: A Java agent has been loaded dynamically (C:\Users\rajpa\.m2\repository\net\bytebuddy\byte-buddy-agent\1.17.8\byte-buddy-agent-1.17.8.jar)
WARNING: If a serviceability tool is in use, please run with -XX:+EnableDynamicAgentLoading to hide this warning
WARNING: If a serviceability tool is not in use, please run with -Djdk.instrument.traceUsage for more information
WARNING: Dynamic loading of agents will be disallowed by default in a future release
]]></system-err>
  </testcase>
</testsuite>